[2024-06-24 00:22:38,227][../data/dbnet_text_data/train/train.log][INFO] - ../data/dbnet_text_data/train/logs/1719163358
[2024-06-24 00:22:38,996][numexpr.utils][INFO] - Note: NumExpr detected 48 cores but "NUMEXPR_MAX_THREADS" not set, so enforcing safe limit of 8.
[2024-06-24 00:22:38,996][numexpr.utils][INFO] - NumExpr defaulting to 8 threads.
[2024-06-24 00:22:39,594][../data/dbnet_text_data/train/train.log][INFO] - cuda
[2024-06-24 00:22:41,558][../data/dbnet_text_data/train/train.log][INFO] - Loading best checkpoint: /data/minhdq1/learning_project/ocr_learning/text_detection/weights/best_pretrained_dbnet.pth
[2024-06-24 00:22:41,627][../data/dbnet_text_data/train/train.log][INFO] - Learning rate scheduler: poly
[2024-06-24 00:22:41,628][../data/dbnet_text_data/train/train.log][INFO] - Dataset name: mix
[2024-06-24 00:22:41,628][../data/dbnet_text_data/train/train.log][INFO] - Ignore tags: ['***']
[2024-06-24 00:22:43,339][../data/dbnet_text_data/train/train.log][INFO] - Start training!
[2024-06-24 00:23:11,081][../data/dbnet_text_data/train/train.log][INFO] - [1-50] - lr: 0.0041800018311257195 - total_loss: 1.1660897731781006 - loss: 0.8471273183822632 - acc: 0.9256941657591201 - iou: 0.749094044743571
[2024-06-24 00:23:38,090][../data/dbnet_text_data/train/train.log][INFO] - [1-100] - lr: 0.007871756929590527 - total_loss: 1.0659388303756714 - loss: 0.7915372252464294 - acc: 0.9233434780685483 - iou: 0.7483294940503665
[2024-06-24 00:24:05,010][../data/dbnet_text_data/train/train.log][INFO] - [1-150] - lr: 0.011372806279130822 - total_loss: 1.1455402374267578 - loss: 0.8293944001197815 - acc: 0.9231685089338 - iou: 0.7523104136992496
[2024-06-24 00:24:31,262][../data/dbnet_text_data/train/train.log][INFO] - [1-200] - lr: 0.014755970175541928 - total_loss: 1.1796152591705322 - loss: 0.8213605284690857 - acc: 0.9225193835388767 - iou: 0.7537561054456481
[2024-06-24 00:24:57,838][../data/dbnet_text_data/train/train.log][INFO] - [1-250] - lr: 0.018054248357002988 - total_loss: 1.040754795074463 - loss: 0.7623196840286255 - acc: 0.9221471266901571 - iou: 0.7537842203594063
[2024-06-24 00:25:25,307][../data/dbnet_text_data/train/train.log][INFO] - [1-300] - lr: 0.02128649070623975 - total_loss: 1.0879467725753784 - loss: 0.7957678437232971 - acc: 0.9217863161143024 - iou: 0.754693987942464
[2024-06-24 00:25:52,428][../data/dbnet_text_data/train/train.log][INFO] - [1-350] - lr: 0.024464868416487918 - total_loss: 1.120771884918213 - loss: 0.8174150586128235 - acc: 0.920401890256009 - iou: 0.7541802871176789
[2024-06-24 00:26:19,246][../data/dbnet_text_data/train/train.log][INFO] - [1-400] - lr: 0.02759787264040522 - total_loss: 1.080392599105835 - loss: 0.8094158172607422 - acc: 0.9209018438556448 - iou: 0.7564612711080181
[2024-06-24 00:26:45,681][../data/dbnet_text_data/train/train.log][INFO] - [1-450] - lr: 0.030691753880548806 - total_loss: 1.0214872360229492 - loss: 0.7694941759109497 - acc: 0.9210332157000727 - iou: 0.7575278677338646
[2024-06-24 00:27:12,642][../data/dbnet_text_data/train/train.log][INFO] - [1-500] - lr: 0.033751298899251575 - total_loss: 1.0944287776947021 - loss: 0.8268535733222961 - acc: 0.9205807807517579 - iou: 0.7570985621936378
[2024-06-24 00:27:38,940][../data/dbnet_text_data/train/train.log][INFO] - [1-550] - lr: 0.036780286682377136 - total_loss: 1.1555418968200684 - loss: 0.8236639499664307 - acc: 0.9202668752483094 - iou: 0.757826179839019
[2024-06-24 00:28:05,453][../data/dbnet_text_data/train/train.log][INFO] - [1-600] - lr: 0.039781773479008735 - total_loss: 1.0537147521972656 - loss: 0.7677828669548035 - acc: 0.919945241387166 - iou: 0.7577600851568189
[2024-06-24 00:28:32,219][../data/dbnet_text_data/train/train.log][INFO] - [1-650] - lr: 0.04275828002138383 - total_loss: 0.94151371717453 - loss: 0.6977031230926514 - acc: 0.9199428324872878 - iou: 0.7581807295640313
[2024-06-24 00:28:41,840][../data/dbnet_text_data/train/train.log][INFO] - Train loss: 1.100278615951538
[2024-06-24 00:31:02,149][../data/dbnet_text_data/train/train.log][INFO] - TEST/Recall: 0.7016992551210428 - TEST/Precision: 0.9179354445797807 - TEST/HMean: 0.7953825808411026
[2024-06-24 00:31:02,150][../data/dbnet_text_data/train/train.log][INFO] - [669] - test_loss: 0.9603442549705505
[2024-06-24 00:31:19,441][../data/dbnet_text_data/train/train.log][INFO] - [2-700] - lr: 0.04571191949334768 - total_loss: 0.9532380700111389 - loss: 0.7141699194908142 - acc: 0.9180862456423691 - iou: 0.7713678824686057
[2024-06-24 00:31:46,611][../data/dbnet_text_data/train/train.log][INFO] - [2-750] - lr: 0.04864448791889472 - total_loss: 1.0055608749389648 - loss: 0.7654768824577332 - acc: 0.9187600160005225 - iou: 0.7707730075664476
[2024-06-24 00:32:13,450][../data/dbnet_text_data/train/train.log][INFO] - [2-800] - lr: 0.05155752978987752 - total_loss: 1.057943344116211 - loss: 0.7557377815246582 - acc: 0.9195852166799177 - iou: 0.7663515786574926
[2024-06-24 00:32:40,987][../data/dbnet_text_data/train/train.log][INFO] - [2-850] - lr: 0.05445238684664235 - total_loss: 0.9977613091468811 - loss: 0.7524195909500122 - acc: 0.9199396363080312 - iou: 0.7668854570247616
[2024-06-24 00:33:08,881][../data/dbnet_text_data/train/train.log][INFO] - [2-900] - lr: 0.05733023507696008 - total_loss: 1.1178183555603027 - loss: 0.8322728276252747 - acc: 0.9198481115081966 - iou: 0.7684915796547449
[2024-06-24 00:33:36,632][../data/dbnet_text_data/train/train.log][INFO] - [2-950] - lr: 0.060192113277578695 - total_loss: 1.054123878479004 - loss: 0.7880973219871521 - acc: 0.920330659894408 - iou: 0.7693389585839303
[2024-06-24 00:34:03,898][../data/dbnet_text_data/train/train.log][INFO] - [2-1000] - lr: 0.06303894544666644 - total_loss: 0.9705994725227356 - loss: 0.7319085001945496 - acc: 0.9204407870941003 - iou: 0.7702523672910666
[2024-06-24 00:34:30,738][../data/dbnet_text_data/train/train.log][INFO] - [2-1050] - lr: 0.06587155858230372 - total_loss: 0.9907847046852112 - loss: 0.7461926937103271 - acc: 0.9203434149501557 - iou: 0.7706128776923546
[2024-06-24 00:34:57,515][../data/dbnet_text_data/train/train.log][INFO] - [2-1100] - lr: 0.06869069700390812 - total_loss: 0.999498188495636 - loss: 0.7825413346290588 - acc: 0.9208107087604118 - iou: 0.7718675602622834
[2024-06-24 00:35:24,038][../data/dbnet_text_data/train/train.log][INFO] - [2-1150] - lr: 0.07149703400337346 - total_loss: 1.047072410583496 - loss: 0.7807204723358154 - acc: 0.9208846206913579 - iou: 0.7727387556656833
[2024-06-24 00:35:50,743][../data/dbnet_text_data/train/train.log][INFO] - [2-1200] - lr: 0.0742911814184812 - total_loss: 0.9368599057197571 - loss: 0.7053950428962708 - acc: 0.9208553096165615 - iou: 0.7729341496693103
[2024-06-24 00:36:17,496][../data/dbnet_text_data/train/train.log][INFO] - [2-1250] - lr: 0.07707369757038265 - total_loss: 0.9666393995285034 - loss: 0.7119498252868652 - acc: 0.9208373621815734 - iou: 0.7731165203528549
[2024-06-24 00:36:44,376][../data/dbnet_text_data/train/train.log][INFO] - [2-1300] - lr: 0.07984509389905818 - total_loss: 1.0406568050384521 - loss: 0.7621608972549438 - acc: 0.9209031849847367 - iou: 0.7734535484569225
[2024-06-24 00:37:04,639][../data/dbnet_text_data/train/train.log][INFO] - Train loss: 1.0396944284439087
[2024-06-24 00:37:38,009][../data/dbnet_text_data/train/train.log][INFO] - TEST/Recall: 0.0 - TEST/Precision: 0.0 - TEST/HMean: 0.0
[2024-06-24 00:37:38,010][../data/dbnet_text_data/train/train.log][INFO] - [1338] - test_loss: 7.9248552322387695
[2024-06-24 00:37:45,464][../data/dbnet_text_data/train/train.log][INFO] - [3-1350] - lr: 0.08260584055226229 - total_loss: 1.2214096784591675 - loss: 0.8938769102096558 - acc: 0.9025564759031108 - iou: 0.7274687242552695
[2024-06-24 00:38:13,235][../data/dbnet_text_data/train/train.log][INFO] - [3-1400] - lr: 0.08535637112569999 - total_loss: 1.0810167789459229 - loss: 0.8049195408821106 - acc: 0.9119777736638988 - iou: 0.742085999068345
[2024-06-24 00:38:39,857][../data/dbnet_text_data/train/train.log][INFO] - [3-1450] - lr: 0.08809708670907647 - total_loss: 1.1981260776519775 - loss: 0.8588022589683533 - acc: 0.9126820670950443 - iou: 0.7455085199406064
[2024-06-24 00:39:06,770][../data/dbnet_text_data/train/train.log][INFO] - [3-1500] - lr: 0.09082835936011852 - total_loss: 1.1468322277069092 - loss: 0.8416711091995239 - acc: 0.9140955169755154 - iou: 0.750922491158027
[2024-06-24 00:39:34,228][../data/dbnet_text_data/train/train.log][INFO] - [3-1550] - lr: 0.09355053510382974 - total_loss: 1.0272281169891357 - loss: 0.7822089195251465 - acc: 0.914940998655952 - iou: 0.754468640358793
[2024-06-24 00:40:01,418][../data/dbnet_text_data/train/train.log][INFO] - [3-1600] - lr: 0.09626393653509643 - total_loss: 1.004143476486206 - loss: 0.7461986541748047 - acc: 0.9158151173842037 - iou: 0.7570051599694725
[2024-06-24 00:40:28,297][../data/dbnet_text_data/train/train.log][INFO] - [3-1650] - lr: 0.09896886508786562 - total_loss: 1.1581554412841797 - loss: 0.8289140462875366 - acc: 0.9158706325676095 - iou: 0.7576527385206119
[2024-06-24 00:40:54,485][../data/dbnet_text_data/train/train.log][INFO] - [3-1700] - lr: 0.10166560302242826 - total_loss: 1.0170934200286865 - loss: 0.7605860233306885 - acc: 0.9159578957863246 - iou: 0.7584834548826471
[2024-06-24 00:41:20,473][../data/dbnet_text_data/train/train.log][INFO] - [3-1750] - lr: 0.10435441517309228 - total_loss: 1.1228973865509033 - loss: 0.8311892747879028 - acc: 0.9160810616901804 - iou: 0.7594263953506597
[2024-06-24 00:41:46,960][../data/dbnet_text_data/train/train.log][INFO] - [3-1800] - lr: 0.10703555049116034 - total_loss: 0.9555249214172363 - loss: 0.7125883102416992 - acc: 0.9165131827830844 - iou: 0.760399198396918
[2024-06-24 00:42:12,928][../data/dbnet_text_data/train/train.log][INFO] - [3-1850] - lr: 0.10970924341220967 - total_loss: 1.184497356414795 - loss: 0.8769537806510925 - acc: 0.9165085648822625 - iou: 0.7612354293373093
[2024-06-24 00:42:39,889][../data/dbnet_text_data/train/train.log][INFO] - [3-1900] - lr: 0.11237571507189062 - total_loss: 1.15170419216156 - loss: 0.8498049378395081 - acc: 0.9163263652701474 - iou: 0.7611915362849155
[2024-06-24 00:43:05,897][../data/dbnet_text_data/train/train.log][INFO] - [3-1950] - lr: 0.11503517439057301 - total_loss: 1.069419026374817 - loss: 0.8074288964271545 - acc: 0.9164449376283094 - iou: 0.761591182630207
[2024-06-24 00:43:32,766][../data/dbnet_text_data/train/train.log][INFO] - [3-2000] - lr: 0.11768781904398928 - total_loss: 1.0182735919952393 - loss: 0.7581459283828735 - acc: 0.9167881173083569 - iou: 0.7624855759597087
[2024-06-24 00:43:36,304][../data/dbnet_text_data/train/train.log][INFO] - Train loss: 1.0951422452926636
[2024-06-24 00:45:53,307][../data/dbnet_text_data/train/train.log][INFO] - TEST/Recall: 0.6686452513966481 - TEST/Precision: 0.9234849702620157 - TEST/HMean: 0.7756700147054977
[2024-06-24 00:45:53,308][../data/dbnet_text_data/train/train.log][INFO] - [2007] - test_loss: 0.8998740911483765
[2024-06-24 00:46:20,375][../data/dbnet_text_data/train/train.log][INFO] - [4-2050] - lr: 0.1203338363344082 - total_loss: 1.0999424457550049 - loss: 0.8287922739982605 - acc: 0.9169796812632213 - iou: 0.7632591335663629
[2024-06-24 00:46:49,146][../data/dbnet_text_data/train/train.log][INFO] - [4-2100] - lr: 0.12297340397471111 - total_loss: 1.161417007446289 - loss: 0.8520912528038025 - acc: 0.9163323547572815 - iou: 0.7650267632579304
[2024-06-24 00:47:18,699][../data/dbnet_text_data/train/train.log][INFO] - [4-2150] - lr: 0.125606690795945 - total_loss: 1.013683557510376 - loss: 0.750587522983551 - acc: 0.9159965121497533 - iou: 0.7647303643663496
[2024-06-24 00:47:47,934][../data/dbnet_text_data/train/train.log][INFO] - [4-2200] - lr: 0.12823385738742743 - total_loss: 1.1368612051010132 - loss: 0.8345768451690674 - acc: 0.9167038080645716 - iou: 0.7666525538099351
[2024-06-24 00:48:17,311][../data/dbnet_text_data/train/train.log][INFO] - [4-2250] - lr: 0.1308550566772199 - total_loss: 1.0326402187347412 - loss: 0.7808057069778442 - acc: 0.9166438828580263 - iou: 0.7670982949219789
[2024-06-24 00:48:46,217][../data/dbnet_text_data/train/train.log][INFO] - [4-2300] - lr: 0.1334704344597266 - total_loss: 0.926230251789093 - loss: 0.7173144817352295 - acc: 0.9172504489345389 - iou: 0.767784798373736
[2024-06-24 00:49:15,824][../data/dbnet_text_data/train/train.log][INFO] - [4-2350] - lr: 0.13608012987628013 - total_loss: 1.0336825847625732 - loss: 0.7410354614257812 - acc: 0.9175758008851267 - iou: 0.7689875878167647
[2024-06-24 00:49:45,246][../data/dbnet_text_data/train/train.log][INFO] - [4-2400] - lr: 0.1386842758538145 - total_loss: 0.9920343160629272 - loss: 0.7410414814949036 - acc: 0.9178967628661809 - iou: 0.7697145614715972
[2024-06-24 00:50:14,102][../data/dbnet_text_data/train/train.log][INFO] - [4-2450] - lr: 0.14128299950607767 - total_loss: 0.9973441362380981 - loss: 0.7487622499465942 - acc: 0.9184644923523928 - iou: 0.7703296819232908
[2024-06-24 00:50:42,225][../data/dbnet_text_data/train/train.log][INFO] - [4-2500] - lr: 0.1438764225012821 - total_loss: 1.0333937406539917 - loss: 0.7805562019348145 - acc: 0.9183504956803163 - iou: 0.7706385519433543
[2024-06-24 00:51:11,459][../data/dbnet_text_data/train/train.log][INFO] - [4-2550] - lr: 0.14646466139961603 - total_loss: 0.961588978767395 - loss: 0.6918255686759949 - acc: 0.9181901853713705 - iou: 0.7707177365813929
[2024-06-24 00:51:39,634][../data/dbnet_text_data/train/train.log][INFO] - [4-2600] - lr: 0.14904782796362848 - total_loss: 0.9608430862426758 - loss: 0.7243053317070007 - acc: 0.918130797155259 - iou: 0.7706871299958702
[2024-06-24 00:52:08,980][../data/dbnet_text_data/train/train.log][INFO] - [4-2650] - lr: 0.15162602944414805 - total_loss: 1.0772637128829956 - loss: 0.7917757630348206 - acc: 0.9182863639176881 - iou: 0.7708395291797294
[2024-06-24 00:52:23,386][../data/dbnet_text_data/train/train.log][INFO] - Train loss: 1.0518895387649536
[2024-06-24 00:55:49,200][../data/dbnet_text_data/train/train.log][INFO] - TEST/Recall: 0.0 - TEST/Precision: 0.0 - TEST/HMean: 0.0
[2024-06-24 00:55:49,201][../data/dbnet_text_data/train/train.log][INFO] - [2676] - test_loss: 9.991609573364258
[2024-06-24 00:56:03,327][../data/dbnet_text_data/train/train.log][INFO] - [5-2700] - lr: 0.1541993688440896 - total_loss: 0.8961616158485413 - loss: 0.659485936164856 - acc: 0.9210886104799472 - iou: 0.7771191139149938
[2024-06-24 00:56:32,500][../data/dbnet_text_data/train/train.log][INFO] - [5-2750] - lr: 0.15676794516223647 - total_loss: 1.0527424812316895 - loss: 0.7696195244789124 - acc: 0.9208654118195669 - iou: 0.7769703109207522
[2024-06-24 00:57:00,837][../data/dbnet_text_data/train/train.log][INFO] - [5-2800] - lr: 0.1593318536188544 - total_loss: 1.0179020166397095 - loss: 0.7549859881401062 - acc: 0.9195419499373468 - iou: 0.7762364287686507
[2024-06-24 00:57:28,772][../data/dbnet_text_data/train/train.log][INFO] - [5-2850] - lr: 0.16189118586479231 - total_loss: 1.1342482566833496 - loss: 0.8321124315261841 - acc: 0.9195182000556154 - iou: 0.776013242256127
[2024-06-24 00:57:56,726][../data/dbnet_text_data/train/train.log][INFO] - [5-2900] - lr: 0.16444603017554588 - total_loss: 0.981370747089386 - loss: 0.7296994924545288 - acc: 0.9190459839327833 - iou: 0.7756950257229569
[2024-06-24 00:58:25,209][../data/dbnet_text_data/train/train.log][INFO] - [5-2950] - lr: 0.166996471631607 - total_loss: 1.1283535957336426 - loss: 0.8527812361717224 - acc: 0.9186839577267083 - iou: 0.7755437407592733
[2024-06-24 00:58:54,241][../data/dbnet_text_data/train/train.log][INFO] - [5-3000] - lr: 0.16954259228628366 - total_loss: 1.004817008972168 - loss: 0.7530797719955444 - acc: 0.917987559774161 - iou: 0.77411031922204
[2024-06-24 00:59:23,479][../data/dbnet_text_data/train/train.log][INFO] - [5-3050] - lr: 0.17208447132205512 - total_loss: 1.116980791091919 - loss: 0.8191076517105103 - acc: 0.917952274082865 - iou: 0.7735727235835907
[2024-06-24 00:59:51,932][../data/dbnet_text_data/train/train.log][INFO] - [5-3100] - lr: 0.17462218519642103 - total_loss: 1.0729036331176758 - loss: 0.7822973132133484 - acc: 0.9179292343930933 - iou: 0.7736235317689331
[2024-06-24 01:00:20,148][../data/dbnet_text_data/train/train.log][INFO] - [5-3150] - lr: 0.17715580777810788 - total_loss: 1.035082221031189 - loss: 0.7558665871620178 - acc: 0.9181169365449254 - iou: 0.7738241476083235
[2024-06-24 01:00:48,825][../data/dbnet_text_data/train/train.log][INFO] - [5-3200] - lr: 0.17968541047441397 - total_loss: 1.0865232944488525 - loss: 0.7910193800926208 - acc: 0.9181949021544005 - iou: 0.7739277414592958
[2024-06-24 01:01:16,984][../data/dbnet_text_data/train/train.log][INFO] - [5-3250] - lr: 0.18221106235039822 - total_loss: 1.125150442123413 - loss: 0.8677516579627991 - acc: 0.9184375787113711 - iou: 0.7739555824854032
[2024-06-24 01:01:45,790][../data/dbnet_text_data/train/train.log][INFO] - [5-3300] - lr: 0.18473283024055304 - total_loss: 1.154018521308899 - loss: 0.8384610414505005 - acc: 0.9182410444368365 - iou: 0.774047494787943
[2024-06-24 01:02:11,656][../data/dbnet_text_data/train/train.log][INFO] - Train loss: 1.0387738943099976
[2024-06-24 01:04:24,151][../data/dbnet_text_data/train/train.log][INFO] - TEST/Recall: 0.6440875232774674 - TEST/Precision: 0.9366960054163845 - TEST/HMean: 0.7633103399989026
[2024-06-24 01:04:24,152][../data/dbnet_text_data/train/train.log][INFO] - [3345] - test_loss: 0.9058762788772583
[2024-06-24 01:04:27,756][../data/dbnet_text_data/train/train.log][INFO] - [6-3350] - lr: 0.18725077885354177 - total_loss: 1.1195802688598633 - loss: 0.8102872371673584 - acc: 0.9091098663551817 - iou: 0.7713310719372938
[2024-06-24 01:04:58,350][../data/dbnet_text_data/train/train.log][INFO] - [6-3400] - lr: 0.18976497087052838 - total_loss: 0.9548006057739258 - loss: 0.7158591747283936 - acc: 0.9186717857815699 - iou: 0.7741729402575779
[2024-06-24 01:05:27,699][../data/dbnet_text_data/train/train.log][INFO] - [6-3450] - lr: 0.19227546703758017 - total_loss: 1.0658869743347168 - loss: 0.7956334948539734 - acc: 0.9192553372797803 - iou: 0.7765219680703503
[2024-06-24 01:05:57,512][../data/dbnet_text_data/train/train.log][INFO] - [6-3500] - lr: 0.19478232625258124 - total_loss: 1.003731369972229 - loss: 0.7561444640159607 - acc: 0.9189236882900949 - iou: 0.7771766729910909
